This is pdfTeXk, Version 3.141592-1.40.3 (Web2C 7.5.6) (format=pdflatex 2015.1.29)  18 MAY 2015 18:49
entering extended mode
 %&-line parsing enabled.
**sk_model_v15.tex
(./sk_model_v15.tex
LaTeX2e <2005/12/01>
Babel <v3.8h> and hyphenation patterns for english, usenglishmax, dumylang, noh
yphenation, arabic, basque, bulgarian, coptic, welsh, czech, slovak, german, ng
erman, danish, esperanto, spanish, catalan, galician, estonian, farsi, finnish,
 french, greek, monogreek, ancientgreek, croatian, hungarian, interlingua, ibyc
us, indonesian, icelandic, italian, latin, mongolian, dutch, norsk, polish, por
tuguese, pinyin, romanian, russian, slovenian, uppersorbian, serbian, swedish, 
turkish, ukenglish, ukrainian, loaded.
(./revtex4-1.cls
Document Class: revtex4-1 2010/07/25/20:33:00 4.1r (http://publish.aps.org/revt
ex4/ for documentation)
 Copyright (c) 2009 The American Physical Society.
 mailto:revtex@aps.org
 Licensed under the LPPL:
http://www.ctan.org/tex-archive/macros/latex/base/lppl.txt
 Arthur Ogawa <arthur_ogawa at sbcglobal dot net>
 Based on work by David Carlisle <david at dcarlisle.demon.co.uk>.
ltxutil[2010/07/25/20:33:00 4.1r utilities package (portions licensed from W. E
. Baxter web at superscript.com)]
LaTeX Info: Redefining \@centercr on input line 308.
Class revtex4-1 Info: Repairing broken LaTeX eqnarray on input line 358.
\eqncolsep=\skip41
Class revtex4-1 Info: Repairing hyperref-unfriendly LaTeX definition of \mpfoot
note on input line 433.
Class revtex4-1 Info: Repairing broken LateX \@sect on input line 755.
\intertabularlinepenalty=\count79
\@tbpen=\count80
\@arstrutbox@hline=\box26
Class revtex4-1 Info: Repairing broken LaTeX \@xbitor on input line 1786.
Class revtex4-1 Info: Making \typeout \long on input line 2046.
ltxfront[2010/07/25/20:33:00 4.1r frontmatter package (AO,DPC)]
\c@affil=\count81
\c@collab=\count82
\absbox=\box27
ltxgrid[2010/07/25/20:33:00 4.1r page grid package (portions licensed from W. E
. Baxter web at superscript.com)]
\c@linecount=\count83
\output@latex=\toks14
\box@size@1=\box28
\box@size@2=\box29
\@protection@box=\box30
\@topmark@saved=\toks15
\footins@saved=\box31
\footins@recovered=\box32
\column@recovered=\box33
\pagesofar=\box34
\footsofar=\box35
\pagegrid@col=\count84
Class revtex4-1 Info: Overriding \@vspace, \@vspacer, \@no@pgbk, \@newline, and
 \\  on input line 5578.
\c@part=\count85
\c@section=\count86
\c@subsection=\count87
\c@subsubsection=\count88
\c@paragraph=\count89
\c@subparagraph=\count90
\abovecaptionskip=\skip42
\belowcaptionskip=\skip43
\c@figure=\count91
\fbox@1=\box36
\c@table=\count92
\fbox@2=\box37
\c@video=\count93
\fbox@4=\box38
\@bibdataout=\write3
\widetext@top=\box39
\widetext@bot=\box40

Class revtex4-1 Warning: No Society specified, using default society aps.

(./aps4-1.rtx
File: aps4-1 2010/07/25/20:33:00 4.1r (http://publish.aps.org/revtex4/ for docu
mentation)
Class revtex4-1 Info: RevTeX society APS selected on input line 31.
)
Class revtex4-1 Info: Selecting journal prb on input line 7544.
Class revtex4-1 Info: APS journal PRB selected on input line 7545.
 (./aps10pt4-1.rtx
File: aps10pt4-1 2010/07/25/20:33:00 4.1r (http://publish.aps.org/revtex4/ for 
documentation)
Class revtex4-1 Info: RevTeX pointsize 10pt selected on input line 30.
)
(/usr/share/texmf/tex/latex/textcase/textcase.sty
Package: textcase 2004/10/07 v0.07 Text only upper/lower case changing (DPC)
)
(/usr/share/texmf/tex/latex/ltxmisc/url.sty
\Urlmuskip=\muskip10
Package: url 2005/06/27  ver 3.2  Verb mode for urls, etc.
)
(/usr/share/texmf/tex/latex/natbib/natbib.sty
Package: natbib 2007/02/05 8.0 (PWD)
\bibhang=\skip44
\bibsep=\skip45
LaTeX Info: Redefining \cite on input line 602.
\c@NAT@ctr=\count94
)

LaTeX Warning: You have requested, on input line 7549, version
               `2009/11/07 8.31a (PWD, AO)' of package natbib,
               but only version
               `2007/02/05 8.0 (PWD)'
               is available.

(./revsymb4-1.sty
Package: revsymb4-1 2010/07/25/20:33:00 4.1r (http://publish.aps.org/revtex4/ f
or documentation)
LaTeX Info: Redefining \REV@mathfrak on input line 119.
)) (/usr/share/texmf/tex/latex/amsmath/amsmath.sty
Package: amsmath 2000/07/18 v2.13 AMS math features
\@mathmargin=\skip46

For additional information on amsmath, use the `?' option.
(/usr/share/texmf/tex/latex/amsmath/amstext.sty
Package: amstext 2000/06/29 v2.01

(/usr/share/texmf/tex/latex/amsmath/amsgen.sty
File: amsgen.sty 1999/11/30 v2.0
\@emptytoks=\toks16
\ex@=\dimen102
)
LaTeX Info: Redefining \text on input line 53.
)
(/usr/share/texmf/tex/latex/amsmath/amsbsy.sty
Package: amsbsy 1999/11/29 v1.2d
\pmbraise@=\dimen103
)
(/usr/share/texmf/tex/latex/amsmath/amsopn.sty
Package: amsopn 1999/12/14 v2.01 operator names
)
\inf@bad=\count95
LaTeX Info: Redefining \frac on input line 211.
\uproot@=\count96
\leftroot@=\count97
LaTeX Info: Redefining \overline on input line 307.
\classnum@=\count98
\DOTSCASE@=\count99
LaTeX Info: Redefining \ldots on input line 379.
LaTeX Info: Redefining \dots on input line 382.
LaTeX Info: Redefining \cdots on input line 467.
\Mathstrutbox@=\box41
\strutbox@=\box42
\big@size=\dimen104
LaTeX Font Info:    Redeclaring font encoding OML on input line 567.
LaTeX Font Info:    Redeclaring font encoding OMS on input line 568.
\macc@depth=\count100
\c@MaxMatrixCols=\count101
\dotsspace@=\muskip11
\c@parentequation=\count102
\dspbrk@lvl=\count103
\tag@help=\toks17
\row@=\count104
\column@=\count105
\maxfields@=\count106
\andhelp@=\toks18
\eqnshift@=\dimen105
\alignsep@=\dimen106
\tagshift@=\dimen107
\tagwidth@=\dimen108
\totwidth@=\dimen109
\lineht@=\dimen110
\@envbody=\toks19
\multlinegap=\skip47
\multlinetaggap=\skip48
\mathdisplay@stack=\toks20
LaTeX Info: Redefining \[ on input line 2666.
LaTeX Info: Redefining \] on input line 2667.
)
(/usr/share/texmf/tex/latex/amsfonts/amssymb.sty
Package: amssymb 2002/01/22 v2.2d

(/usr/share/texmf/tex/latex/amsfonts/amsfonts.sty
Package: amsfonts 2001/10/25 v2.2f
\symAMSa=\mathgroup4
\symAMSb=\mathgroup5
LaTeX Font Info:    Overwriting math alphabet `\mathfrak' in version `bold'
(Font)                  U/euf/m/n --> U/euf/b/n on input line 132.
LaTeX Info: Redefining \frak on input line 135.
LaTeX Info: Redefining \Bbb on input line 137.
))
(/usr/share/texmf/tex/latex/graphics/graphicx.sty
Package: graphicx 1999/02/16 v1.0f Enhanced LaTeX Graphics (DPC,SPQR)

(/usr/share/texmf/tex/latex/graphics/keyval.sty
Package: keyval 1999/03/16 v1.13 key=value parser (DPC)
\KV@toks@=\toks21
)
(/usr/share/texmf/tex/latex/graphics/graphics.sty
Package: graphics 2006/02/20 v1.0o Standard LaTeX Graphics (DPC,SPQR)

(/usr/share/texmf/tex/latex/graphics/trig.sty
Package: trig 1999/03/16 v1.09 sin cos tan (DPC)
)
(/usr/share/texmf/tex/latex/config/graphics.cfg
File: graphics.cfg 2007/01/18 v1.5 graphics configuration of teTeX/TeXLive
)
Package graphics Info: Driver file: pdftex.def on input line 90.

(/usr/share/texmf/tex/latex/pdftex-def/pdftex.def
File: pdftex.def 2007/01/08 v0.04d Graphics/color for pdfTeX
\Gread@gobject=\count107
))
\Gin@req@height=\dimen111
\Gin@req@width=\dimen112
)
(/usr/share/texmf/tex/latex/graphics/color.sty
Package: color 2005/11/14 v1.0j Standard LaTeX Color (DPC)

(/usr/share/texmf/tex/latex/config/color.cfg
File: color.cfg 2007/01/18 v1.5 color configuration of teTeX/TeXLive
)
Package color Info: Driver file: pdftex.def on input line 130.
)
(/usr/share/texmf/tex/latex/hyperref/hyperref.sty
Package: hyperref 2007/02/07 v6.75r Hypertext links for LaTeX
\@linkdim=\dimen113
\Hy@linkcounter=\count108
\Hy@pagecounter=\count109

(/usr/share/texmf/tex/latex/hyperref/pd1enc.def
File: pd1enc.def 2007/02/07 v6.75r Hyperref: PDFDocEncoding definition (HO)
)
(/usr/share/texmf/tex/latex/config/hyperref.cfg
File: hyperref.cfg 2002/06/06 v1.2 hyperref configuration of TeXLive
)
(/usr/share/texmf/tex/latex/oberdiek/kvoptions.sty
Package: kvoptions 2006/08/22 v2.4 Connects package keyval with LaTeX options (
HO)
)
Package hyperref Info: Option `colorlinks' set `true' on input line 2238.
Package hyperref Info: Option `bookmarks' set `false' on input line 2238.
Package hyperref Info: Hyper figures OFF on input line 2288.
Package hyperref Info: Link nesting OFF on input line 2293.
Package hyperref Info: Hyper index ON on input line 2296.
Package hyperref Info: Plain pages OFF on input line 2303.
Package hyperref Info: Backreferencing OFF on input line 2308.

Implicit mode ON; LaTeX internals redefined
Package hyperref Info: Bookmarks OFF on input line 2450.
LaTeX Info: Redefining \href on input line 2586.
LaTeX Info: Redefining \url on input line 2599.
\Fld@menulength=\count110
\Field@Width=\dimen114
\Fld@charsize=\dimen115
\Choice@toks=\toks22
\Field@toks=\toks23
Package hyperref Info: Hyper figures OFF on input line 3102.
Package hyperref Info: Link nesting OFF on input line 3107.
Package hyperref Info: Hyper index ON on input line 3110.
Package hyperref Info: backreferencing OFF on input line 3117.
Package hyperref Info: Link coloring ON on input line 3120.
\Hy@abspage=\count111
\c@Item=\count112
\c@Hfootnote=\count113
)
*hyperref using default driver hpdftex*
(/usr/share/texmf/tex/latex/hyperref/hpdftex.def
File: hpdftex.def 2007/02/07 v6.75r Hyperref driver for pdfTeX
\Fld@listcount=\count114
)
(/usr/share/texmf/tex/latex/psnfss/times.sty
Package: times 2005/04/12 PSNFSS-v9.2a (SPQR) 
)
Class revtex4-1 Info: Patching LaTeX tabular. on input line 57.
Class revtex4-1 Info: Repairing hyperref 6.75r \href on input line 57.
Class revtex4-1 Info: Robustifying \LaTeX's \boldmath command on input line 57.

Class revtex4-1 Info: cite was not loaded (OK!) on input line 57.
Class revtex4-1 Info: mcite was not loaded (OK!) on input line 57.
Class revtex4-1 Info: multicol was not loaded (OK!) on input line 57.
 (./sk_model_v15.aux)
\openout1 = `sk_model_v15.aux'.

LaTeX Font Info:    Checking defaults for OML/cmm/m/it on input line 57.
LaTeX Font Info:    ... okay on input line 57.
LaTeX Font Info:    Checking defaults for T1/cmr/m/n on input line 57.
LaTeX Font Info:    ... okay on input line 57.
LaTeX Font Info:    Checking defaults for OT1/cmr/m/n on input line 57.
LaTeX Font Info:    ... okay on input line 57.
LaTeX Font Info:    Checking defaults for OMS/cmsy/m/n on input line 57.
LaTeX Font Info:    ... okay on input line 57.
LaTeX Font Info:    Checking defaults for OMX/cmex/m/n on input line 57.
LaTeX Font Info:    ... okay on input line 57.
LaTeX Font Info:    Checking defaults for U/cmr/m/n on input line 57.
LaTeX Font Info:    ... okay on input line 57.
LaTeX Font Info:    Checking defaults for PD1/pdf/m/n on input line 57.
LaTeX Font Info:    ... okay on input line 57.
LaTeX Font Info:    Try loading font information for OT1+ptm on input line 57.

(/usr/share/texmf/tex/latex/psnfss/ot1ptm.fd
File: ot1ptm.fd 2001/06/04 font definitions for OT1/ptm.
)
Package hyperref Info: Link coloring ON on input line 57.

(/usr/share/texmf/tex/latex/hyperref/nameref.sty
Package: nameref 2006/12/27 v2.28 Cross-referencing by name of section

(/usr/share/texmf/tex/latex/oberdiek/refcount.sty
Package: refcount 2006/02/20 v3.0 Data extraction from references (HO)
)
\c@section@level=\count115
)
LaTeX Info: Redefining \ref on input line 57.
LaTeX Info: Redefining \pageref on input line 57.
Class revtex4-1 Info: Taking \maketitle back from hyperref on input line 57.
\openout3 = `sk_model_v15Notes.bib'.

LaTeX Font Info:    Try loading font information for U+msa on input line 78.

(/usr/share/texmf/tex/latex/amsfonts/umsa.fd
File: umsa.fd 2002/01/19 v2.2g AMS font definitions
)
LaTeX Font Info:    Try loading font information for U+msb on input line 78.

(/usr/share/texmf/tex/latex/amsfonts/umsb.fd
File: umsb.fd 2002/01/19 v2.2g AMS font definitions
)
LaTeX Font Info:    Font shape `OT1/ptm/bx/n' in size <12> not available
(Font)              Font shape `OT1/ptm/b/n' tried instead on input line 102.
LaTeX Font Info:    Font shape `OT1/ptm/bx/n' in size <9> not available
(Font)              Font shape `OT1/ptm/b/n' tried instead on input line 106.
 [1{/var/lib/texmf/fonts/map/pdftex/updmap/pdftex.map}]
<./draft_figs/cartoon.pdf, id=103, 672.5125pt x 301.125pt>
File: ./draft_figs/cartoon.pdf Graphic file (type pdf)

<use ./draft_figs/cartoon.pdf> [2 <./draft_figs/cartoon.pdf>]
Underfull \hbox (badness 1590) in paragraph at lines 348--357
\OT1/ptm/m/n/10 Notice that $\OML/cmm/m/it/10 S[]\OT1/cmr/m/n/10 (\OML/cmm/m/it
/10 X\OT1/cmr/m/n/10 )$ \OT1/ptm/m/n/10 cor-re-sponds to $\OML/cmm/m/it/10 S[]\
OT1/cmr/m/n/10 (\OML/cmm/m/it/10 X\OT1/cmr/m/n/10 ) \OMS/cmsy/m/n/10 ^^Q \OT1/c
mr/m/n/10 1\OML/cmm/m/it/10 =\OT1/cmr/m/n/10 (\OML/cmm/m/it/10 n \OMS/cmsy/m/n/
10 ^^@
 []


Underfull \hbox (badness 1264) in paragraph at lines 348--357
\OT1/cmr/m/n/10 1) [](\OML/cmm/m/it/10 F\OT1/cmr/m/n/10 (\OML/cmm/m/it/10 X; n;
 ^^L\OT1/cmr/m/n/10 )) \OMS/cmsy/m/n/10 ^^@ \OML/cmm/m/it/10 n []\OT1/cmr/m/n/1
0 (\OML/cmm/m/it/10 F\OT1/cmr/m/n/10 (\OML/cmm/m/it/10 ^^L\OT1/cmr/m/n/10 ))$\O
T1/ptm/m/n/10 , where $\OML/cmm/m/it/10 F\OT1/cmr/m/n/10 (\OML/cmm/m/it/10 X; n
; ^^L\OT1/cmr/m/n/10 ) \OMS/cmsy/m/n/10 ^^Q
 []


Underfull \hbox (badness 2875) in paragraph at lines 394--405
[]\OT1/ptm/m/n/10 Here we in-tro-duce the Sherrington-Kirkpatrick (S-K)
 []

[3]
Underfull \hbox (badness 1189) in paragraph at lines 485--491
\OT1/ptm/m/n/10 where $[] \OMS/cmsy/m/n/10 Df\OML/cmm/m/it/10 J\OMS/cmsy/m/n/10
 g ^^Q [][] [][] \OML/cmm/m/it/10 dJ[]P\OT1/cmr/m/n/10 (\OML/cmm/m/it/10 J[]\OT
1/cmr/m/n/10 )$\OT1/ptm/m/n/10 . No-tice that
 []


Underfull \hbox (badness 7273) in paragraph at lines 511--515
[]\OT1/ptm/m/n/10 The disorder-averaged free en-ergy $\OT1/cmr/m/n/10 [\OML/cmm
/m/it/10 F\OT1/cmr/m/n/10 (\OML/cmm/m/it/10 !; n; ^^L\OT1/cmr/m/n/10 )]$ \OT1/p
tm/m/n/10 (cf.
 []

[4]
Underfull \hbox (badness 3386) in paragraph at lines 684--692
\OT1/ptm/m/n/10 where $\OMS/cmsy/m/n/10 hOi[] ^^Q \OT1/cmr/m/n/10 (\OML/cmm/m/i
t/10 Z[]\OT1/cmr/m/n/10 )[][][]\OMS/cmsy/m/n/10 fO []\OT1/cmr/m/n/10 (\OMS/cmsy
/m/n/10 L\OT1/cmr/m/n/10 )\OMS/cmsy/m/n/10 g$ \OT1/ptm/m/n/10 with
 []

[5] <./draft_figs/RSB0_saddle_ht.pdf, id=244, 690.58pt x 485.815pt>
File: ./draft_figs/RSB0_saddle_ht.pdf Graphic file (type pdf)

<use ./draft_figs/RSB0_saddle_ht.pdf>
<./draft_figs/RSB0_saddle.pdf, id=261, 697.60625pt x 485.815pt>
File: ./draft_figs/RSB0_saddle.pdf Graphic file (type pdf)

<use ./draft_figs/RSB0_saddle.pdf> [6 <./draft_figs/RSB0_saddle_ht.pdf> <./draf
t_figs/RSB0_saddle.pdf>]
Underfull \hbox (badness 10000) in paragraph at lines 941--946
\OT1/ptm/m/n/10 where we de-fine $\OML/cmm/m/it/10 H[]\OT1/cmr/m/n/10 (\OML/cmm
/m/it/10 z; z[]\OT1/cmr/m/n/10 ) \OMS/cmsy/m/n/10 ^^Q []\OT1/cmr/m/n/10 (\OML/c
mm/m/it/10 ^^Lz[] \OT1/cmr/m/n/10 +
 []


Underfull \hbox (badness 1728) in paragraph at lines 941--946
\OT1/ptm/m/n/10 in the def-i-ni-tion of $\OML/cmm/m/it/10 H[]\OT1/cmr/m/n/10 (\
OML/cmm/m/it/10 z; z[]\OT1/cmr/m/n/10 )$\OT1/ptm/m/n/10 , one has the con-strai
nt
 []

<./draft_figs/betac.pdf, id=328, 688.5725pt x 485.815pt>
File: ./draft_figs/betac.pdf Graphic file (type pdf)

<use ./draft_figs/betac.pdf> [7 <./draft_figs/betac.pdf>]
<./draft_figs/U_w05.pdf, id=357, 692.5875pt x 491.8375pt>
File: ./draft_figs/U_w05.pdf Graphic file (type pdf)

<use ./draft_figs/U_w05.pdf>
Overfull \hbox (0.60144pt too wide) detected at line 1076
 []$[]  \OMS/cmsy/m/n/10 L[]\OML/cmm/m/it/10 =^^L[] \OT1/cmr/m/n/10 = \OMS/cmsy
/m/n/10 ^^@[]\OML/cmm/m/it/10 n \OMS/cmsy/m/n/10 ^^@ [] [] [] [] [] \OML/cmm/m
/it/10 S[][][]$ 
 []

[8 <./draft_figs/U_w05.pdf>]
Underfull \hbox (badness 1701) in paragraph at lines 1169--1178
\OT1/ptm/m/n/10 Here $\OML/cmm/m/it/10 q[]; q[]$ \OT1/ptm/m/n/10 are so-lu-tion
s of the sad-dle point equa-tions
 []

<./draft_figs/U_extrapolated.pdf, id=410, 691.58376pt x 491.8375pt>
File: ./draft_figs/U_extrapolated.pdf Graphic file (type pdf)

<use ./draft_figs/U_extrapolated.pdf>
<./draft_figs/U_extrapolated_v1.pdf, id=414, 691.58376pt x 491.8375pt>
File: ./draft_figs/U_extrapolated_v1.pdf Graphic file (type pdf)

<use ./draft_figs/U_extrapolated_v1.pdf>
<./draft_figs/Renyi_MC_v2.pdf, id=423, 1093.08376pt x 383.4325pt>
File: ./draft_figs/Renyi_MC_v2.pdf Graphic file (type pdf)

<use ./draft_figs/Renyi_MC_v2.pdf> [9 <./draft_figs/U_extrapolated.pdf> <./draf
t_figs/U_extrapolated_v1.pdf>]
Underfull \hbox (badness 1248) in paragraph at lines 1272--1286
\OT1/ptm/m/n/10 equa-tions []-[]. Clearly, from Eq. [] one has
 []

<./draft_figs/I2_MC_v1.pdf, id=482, 1117.17375pt x 377.41pt>
File: ./draft_figs/I2_MC_v1.pdf Graphic file (type pdf)

<use ./draft_figs/I2_MC_v1.pdf> [10 <./draft_figs/Renyi_MC_v2.pdf>] [11 <./draf
t_figs/I2_MC_v1.pdf>]
<./draft_figs/I2_extrapolated.pdf, id=550, 708.6475pt x 491.8375pt>
File: ./draft_figs/I2_extrapolated.pdf Graphic file (type pdf)

<use ./draft_figs/I2_extrapolated.pdf> [12 <./draft_figs/I2_extrapolated.pdf>]
Underfull \hbox (badness 1509) in paragraph at lines 1609--1616
\OT1/ptm/m/n/10 sec-tion [][]V[][]) the over-lap de-pends on the four pa-ram-e-
ters
 []

[13] [14]
Underfull \hbox (badness 2020) in paragraph at lines 1815--1818
 []\OT1/ptm/m/n/9 S. Mor-ri-son, A. Kan-tian, A. J. Da-ley, H. G. Katz-graber,
 []

No file sk_model_v15.bbl.
[15] (./sk_model_v15.aux) ) 
Here is how much of TeX's memory you used:
 5609 strings out of 256216
 73268 string characters out of 1917072
 177748 words of memory out of 1500000
 8666 multiletter control sequences out of 10000+200000
 23971 words of font info for 57 fonts, out of 1200000 for 2000
 645 hyphenation exceptions out of 8191
 29i,13n,27p,950b,494s stack positions out of 5000i,500n,6000p,200000b,15000s
{/usr/share/texmf/fonts/enc/dvips/base/8r.enc}</usr/
share/texmf/fonts/type1/bluesky/cm/cmbx10.pfb></usr/share/texmf/fonts/type1/blu
esky/cm/cmbx7.pfb></usr/share/texmf/fonts/type1/bluesky/cm/cmex10.pfb></usr/sha
re/texmf/fonts/type1/bluesky/cm/cmmi10.pfb></usr/share/texmf/fonts/type1/bluesk
y/cm/cmmi5.pfb></usr/share/texmf/fonts/type1/bluesky/cm/cmmi6.pfb></usr/share/t
exmf/fonts/type1/bluesky/cm/cmmi7.pfb></usr/share/texmf/fonts/type1/bluesky/cm/
cmmi9.pfb></usr/share/texmf/fonts/type1/bluesky/cm/cmr10.pfb></usr/share/texmf/
fonts/type1/bluesky/cm/cmr5.pfb></usr/share/texmf/fonts/type1/bluesky/cm/cmr6.p
fb></usr/share/texmf/fonts/type1/bluesky/cm/cmr7.pfb></usr/share/texmf/fonts/ty
pe1/bluesky/cm/cmr9.pfb></usr/share/texmf/fonts/type1/bluesky/cm/cmsy10.pfb></u
sr/share/texmf/fonts/type1/bluesky/cm/cmsy5.pfb></usr/share/texmf/fonts/type1/b
luesky/cm/cmsy6.pfb></usr/share/texmf/fonts/type1/bluesky/cm/cmsy7.pfb></usr/sh
are/texmf/fonts/type1/bluesky/cm/cmsy9.pfb></usr/share/texmf/fonts/type1/bluesk
y/ams/msam10.pfb></usr/share/texmf/fonts/type1/bluesky/ams/msbm10.pfb></usr/sha
re/texmf/fonts/type1/urw/times/utmb8a.pfb></usr/share/texmf/fonts/type1/urw/tim
es/utmr8a.pfb></usr/share/texmf/fonts/type1/urw/times/utmri8a.pfb>
Output written on sk_model_v15.pdf (15 pages, 586432 bytes).
PDF statistics:
 733 PDF objects out of 1000 (max. 8388607)
 162 named destinations out of 1000 (max. 131072)
 127 words of extra memory for PDF output out of 10000 (max. 10000000)

