

*******************************************************************************
Tue Jun 23 11:34:22 2015


FIT:    data read from "test" u 1:3:4
        #datapoints = 4
function used for fitting: f(x)
fitted parameters initialized with current variable values



 Iteration 0
 WSSR        : 1.01294e+06       delta(WSSR)/WSSR   : 0
 delta(WSSR) : 0                 limit for stopping : 1e-05
 lambda	  : 311.49

initial set of free parameter values

a               = 1
b               = 1
c               = 1

After 7 iterations the fit converged.
final sum of squares of residuals : 0.0117165
rel. change during last iteration : -9.16259e-11

degrees of freedom    (FIT_NDF)                        : 1
rms of residuals      (FIT_STDFIT) = sqrt(WSSR/ndf)    : 0.108243
variance of residuals (reduced chisquare) = WSSR/ndf   : 0.0117165

Final set of parameters            Asymptotic Standard Error
=======================            ==========================

a               = 0.0553855        +/- 0.000621     (1.121%)
b               = 1.16368          +/- 0.09127      (7.843%)
c               = 0.922959         +/- 0.02582      (2.798%)


correlation matrix of the fit parameters:

               a      b      c      
a               1.000 
b               0.926  1.000 
c               0.951  0.997  1.000 


*******************************************************************************
Tue Jun 23 11:35:05 2015


FIT:    data read from "test" u 1:3:4
        #datapoints = 4
function used for fitting: f(x)
fitted parameters initialized with current variable values



 Iteration 0
 WSSR        : 77759             delta(WSSR)/WSSR   : 0
 delta(WSSR) : 0                 limit for stopping : 1e-05
 lambda	  : 391.896

initial set of free parameter values

a               = 0.0553855
b               = 1.16368

After 5 iterations the fit converged.
final sum of squares of residuals : 7.47534
rel. change during last iteration : -8.4584e-13

degrees of freedom    (FIT_NDF)                        : 2
rms of residuals      (FIT_STDFIT) = sqrt(WSSR/ndf)    : 1.93331
variance of residuals (reduced chisquare) = WSSR/ndf   : 3.73767

Final set of parameters            Asymptotic Standard Error
=======================            ==========================

a               = 0.0174333        +/- 0.007596     (43.57%)
b               = 0.264884         +/- 0.03074      (11.61%)


correlation matrix of the fit parameters:

               a      b      
a               1.000 
b              -0.972  1.000 


*******************************************************************************
Tue Jun 23 11:35:54 2015


FIT:    data read from "test" u 1:3:4
        #datapoints = 4
function used for fitting: f(x)
fitted parameters initialized with current variable values



 Iteration 0
 WSSR        : 7.47534           delta(WSSR)/WSSR   : 0
 delta(WSSR) : 0                 limit for stopping : 1e-05
 lambda	  : 330.565

initial set of free parameter values

a               = 0.0174333
b               = 0.264884
c               = 0.333333

After 95 iterations the fit converged.
final sum of squares of residuals : 0.0117165
rel. change during last iteration : -6.30531e-11

degrees of freedom    (FIT_NDF)                        : 1
rms of residuals      (FIT_STDFIT) = sqrt(WSSR/ndf)    : 0.108243
variance of residuals (reduced chisquare) = WSSR/ndf   : 0.0117165

Final set of parameters            Asymptotic Standard Error
=======================            ==========================

a               = 0.0553855        +/- 0.000621     (1.121%)
b               = 1.16368          +/- 0.09127      (7.843%)
c               = 0.922959         +/- 0.02582      (2.798%)


correlation matrix of the fit parameters:

               a      b      c      
a               1.000 
b               0.926  1.000 
c               0.951  0.997  1.000 
