

*******************************************************************************
Sun Dec 13 16:11:17 2015


FIT:    data read from "log.dat" u 1:2
        #datapoints = 5
        residuals are weighted equally (unit weight)

function used for fitting: f(x)
fitted parameters initialized with current variable values



 Iteration 0
 WSSR        : 838471            delta(WSSR)/WSSR   : 0
 delta(WSSR) : 0                 limit for stopping : 1e-05
 lambda	  : 1566.33

initial set of free parameter values

a               = 1
b               = 1
c               = 1

After 8 iterations the fit converged.
final sum of squares of residuals : 0.00618099
rel. change during last iteration : -2.05578e-07

degrees of freedom    (FIT_NDF)                        : 2
rms of residuals      (FIT_STDFIT) = sqrt(WSSR/ndf)    : 0.0555922
variance of residuals (reduced chisquare) = WSSR/ndf   : 0.0030905

Final set of parameters            Asymptotic Standard Error
=======================            ==========================

a               = 0.50456          +/- 0.1333       (26.41%)
b               = 0.0480836        +/- 0.01149      (23.89%)
c               = 0.742123         +/- 0.03338      (4.498%)


correlation matrix of the fit parameters:

               a      b      c      
a               1.000 
b              -0.956  1.000 
c               0.944 -0.999  1.000 


*******************************************************************************
Sun Dec 13 16:11:40 2015


FIT:    data read from "log.dat" u 1:2
        #datapoints = 5
        residuals are weighted equally (unit weight)

function used for fitting: f(x)
fitted parameters initialized with current variable values



 Iteration 0
 WSSR        : 10.5099           delta(WSSR)/WSSR   : 0
 delta(WSSR) : 0                 limit for stopping : 1e-05
 lambda	  : 34.9238

initial set of free parameter values

a               = 0.50456
b               = 0.0480836

After 5 iterations the fit converged.
final sum of squares of residuals : 0.021987
rel. change during last iteration : -2.54379e-08

degrees of freedom    (FIT_NDF)                        : 3
rms of residuals      (FIT_STDFIT) = sqrt(WSSR/ndf)    : 0.0856095
variance of residuals (reduced chisquare) = WSSR/ndf   : 0.00732899

Final set of parameters            Asymptotic Standard Error
=======================            ==========================

a               = 0.188818         +/- 0.0726       (38.45%)
b               = 0.082652         +/- 0.00147      (1.779%)


correlation matrix of the fit parameters:

               a      b      
a               1.000 
b              -0.850  1.000 


*******************************************************************************
Sun Dec 13 16:13:22 2015


FIT:    data read from "log.dat" u ($1**0.666666):2
        #datapoints = 5
        residuals are weighted equally (unit weight)

function used for fitting: f(x)
fitted parameters initialized with current variable values



 Iteration 0
 WSSR        : 132.762           delta(WSSR)/WSSR   : 0
 delta(WSSR) : 0                 limit for stopping : 1e-05
 lambda	  : 34.9237

initial set of free parameter values

a               = 0.188818
b               = 0.082652

After 5 iterations the fit converged.
final sum of squares of residuals : 0.0219872
rel. change during last iteration : -2.96432e-09

degrees of freedom    (FIT_NDF)                        : 3
rms of residuals      (FIT_STDFIT) = sqrt(WSSR/ndf)    : 0.0856101
variance of residuals (reduced chisquare) = WSSR/ndf   : 0.00732908

Final set of parameters            Asymptotic Standard Error
=======================            ==========================

a               = 0.0826524        +/- 0.00147      (1.779%)
b               = 0.188814         +/- 0.07261      (38.45%)


correlation matrix of the fit parameters:

               a      b      
a               1.000 
b              -0.850  1.000 


*******************************************************************************
Sun Dec 13 16:13:38 2015


FIT:    data read from "log.dat" u ($1**0.666666):2
	x range restricted to [30.0000 : 1000.00]
        #datapoints = 3
        residuals are weighted equally (unit weight)

function used for fitting: f(x)
fitted parameters initialized with current variable values



 Iteration 0
 WSSR        : 0.0187513         delta(WSSR)/WSSR   : 0
 delta(WSSR) : 0                 limit for stopping : 1e-05
 lambda	  : 43.8677

initial set of free parameter values

a               = 0.0826524
b               = 0.188814

After 5 iterations the fit converged.
final sum of squares of residuals : 0.00930758
rel. change during last iteration : -3.38064e-06

degrees of freedom    (FIT_NDF)                        : 1
rms of residuals      (FIT_STDFIT) = sqrt(WSSR/ndf)    : 0.0964758
variance of residuals (reduced chisquare) = WSSR/ndf   : 0.00930758

Final set of parameters            Asymptotic Standard Error
=======================            ==========================

a               = 0.0849641        +/- 0.002603     (3.063%)
b               = 0.0277605        +/- 0.1614       (581.6%)


correlation matrix of the fit parameters:

               a      b      
a               1.000 
b              -0.939  1.000 


*******************************************************************************
Sun Dec 13 16:17:43 2015


FIT:    data read from "log.dat" u ($1):2
	x range restricted to [30.0000 : 1000.00]
        #datapoints = 5
        residuals are weighted equally (unit weight)

function used for fitting: f(x)
fitted parameters initialized with current variable values



 Iteration 0
 WSSR        : 81.2594           delta(WSSR)/WSSR   : 0
 delta(WSSR) : 0                 limit for stopping : 1e-05
 lambda	  : 3.87512

initial set of free parameter values

a               = 0.0849641
b               = 0.0277605

After 5 iterations the fit converged.
final sum of squares of residuals : 1.80989
rel. change during last iteration : -9.47735e-13

degrees of freedom    (FIT_NDF)                        : 3
rms of residuals      (FIT_STDFIT) = sqrt(WSSR/ndf)    : 0.776721
variance of residuals (reduced chisquare) = WSSR/ndf   : 0.603296

Final set of parameters            Asymptotic Standard Error
=======================            ==========================

a               = -7.51778         +/- 1.909        (25.4%)
b               = 2.10904          +/- 0.3544       (16.8%)


correlation matrix of the fit parameters:

               a      b      
a               1.000 
b              -0.983  1.000 


*******************************************************************************
Sun Dec 13 16:22:34 2015


FIT:    data read from "log.dat" u ($1):2
	x range restricted to [30.0000 : 1000.00]
        #datapoints = 5
        residuals are weighted equally (unit weight)

function used for fitting: f(x)
fitted parameters initialized with current variable values



 Iteration 0
 WSSR        : 43807.2           delta(WSSR)/WSSR   : 0
 delta(WSSR) : 0                 limit for stopping : 1e-05
 lambda	  : 380.386

initial set of free parameter values

a               = -7.51778
b               = 2.10904
c               = 0.666667

After 565 iterations the fit converged.
final sum of squares of residuals : 0.00618099
rel. change during last iteration : -2.54908e-09

degrees of freedom    (FIT_NDF)                        : 2
rms of residuals      (FIT_STDFIT) = sqrt(WSSR/ndf)    : 0.0555922
variance of residuals (reduced chisquare) = WSSR/ndf   : 0.0030905

Final set of parameters            Asymptotic Standard Error
=======================            ==========================

a               = 0.504543         +/- 0.1333       (26.41%)
b               = 0.048085         +/- 0.01149      (23.89%)
c               = 0.742119         +/- 0.03338      (4.498%)


correlation matrix of the fit parameters:

               a      b      c      
a               1.000 
b              -0.956  1.000 
c               0.944 -0.999  1.000 


*******************************************************************************
Sun Dec 13 16:22:45 2015


FIT:    data read from "log.dat" u ($1):2
	x range restricted to [0.00000 : 1000.00]
        #datapoints = 5
        residuals are weighted equally (unit weight)

function used for fitting: f(x)
fitted parameters initialized with current variable values



 Iteration 0
 WSSR        : 0.197935          delta(WSSR)/WSSR   : 0
 delta(WSSR) : 0                 limit for stopping : 1e-05
 lambda	  : 59.0037

initial set of free parameter values

a               = 0.504543
b               = 0.048085

After 5 iterations the fit converged.
final sum of squares of residuals : 0.00634758
rel. change during last iteration : -2.91735e-08

degrees of freedom    (FIT_NDF)                        : 3
rms of residuals      (FIT_STDFIT) = sqrt(WSSR/ndf)    : 0.0459985
variance of residuals (reduced chisquare) = WSSR/ndf   : 0.00211586

Final set of parameters            Asymptotic Standard Error
=======================            ==========================

a               = 0.533797         +/- 0.03624      (6.79%)
b               = 0.0454588        +/- 0.0004344    (0.9555%)


correlation matrix of the fit parameters:

               a      b      
a               1.000 
b              -0.823  1.000 


*******************************************************************************
Sun Dec 13 16:23:08 2015


FIT:    data read from "log.dat" u ($1):2
	x range restricted to [100.000 : 1000.00]
        #datapoints = 4
        residuals are weighted equally (unit weight)

function used for fitting: f(x)
fitted parameters initialized with current variable values



 Iteration 0
 WSSR        : 0.00434133        delta(WSSR)/WSSR   : 0
 delta(WSSR) : 0                 limit for stopping : 1e-05
 lambda	  : 65.6314

initial set of free parameter values

a               = 0.533797
b               = 0.0454588

After 5 iterations the fit converged.
final sum of squares of residuals : 0.00287675
rel. change during last iteration : -9.85298e-07

degrees of freedom    (FIT_NDF)                        : 2
rms of residuals      (FIT_STDFIT) = sqrt(WSSR/ndf)    : 0.0379259
variance of residuals (reduced chisquare) = WSSR/ndf   : 0.00143838

Final set of parameters            Asymptotic Standard Error
=======================            ==========================

a               = 0.572977         +/- 0.0391       (6.825%)
b               = 0.045114         +/- 0.0004213    (0.9339%)


correlation matrix of the fit parameters:

               a      b      
a               1.000 
b              -0.875  1.000 


*******************************************************************************
Sun Dec 13 16:32:36 2015


FIT:    data read from "log.dat" u ($1):2
	x range restricted to [100.000 : 2000.00]
        #datapoints = 5
        residuals are weighted equally (unit weight)

function used for fitting: f(x)
fitted parameters initialized with current variable values



 Iteration 0
 WSSR        : 3.35879e+06       delta(WSSR)/WSSR   : 0
 delta(WSSR) : 0                 limit for stopping : 1e-05
 lambda	  : 3461.18

initial set of free parameter values

a               = 1
b               = 1
c               = 1

After 47 iterations the fit converged.
final sum of squares of residuals : 0.00652977
rel. change during last iteration : -5.21275e-08

degrees of freedom    (FIT_NDF)                        : 2
rms of residuals      (FIT_STDFIT) = sqrt(WSSR/ndf)    : 0.0571392
variance of residuals (reduced chisquare) = WSSR/ndf   : 0.00326488

Final set of parameters            Asymptotic Standard Error
=======================            ==========================

a               = 0.969102         +/- 0.1088       (11.23%)
b               = 0.0210131        +/- 0.003299     (15.7%)
c               = 0.856826         +/- 0.02029      (2.368%)


correlation matrix of the fit parameters:

               a      b      c      
a               1.000 
b              -0.935  1.000 
c               0.923 -0.999  1.000 


*******************************************************************************
Sun Dec 13 16:32:52 2015


FIT:    data read from "log.dat" u ($1):2
	x range restricted to [200.000 : 2000.00]
        #datapoints = 4
        residuals are weighted equally (unit weight)

function used for fitting: f(x)
fitted parameters initialized with current variable values



 Iteration 0
 WSSR        : 0.00491479        delta(WSSR)/WSSR   : 0
 delta(WSSR) : 0                 limit for stopping : 1e-05
 lambda	  : 193.956

initial set of free parameter values

a               = 0.969102
b               = 0.0210131
c               = 0.856826

After 62 iterations the fit converged.
final sum of squares of residuals : 0.000901482
rel. change during last iteration : -9.31976e-08

degrees of freedom    (FIT_NDF)                        : 1
rms of residuals      (FIT_STDFIT) = sqrt(WSSR/ndf)    : 0.0300247
variance of residuals (reduced chisquare) = WSSR/ndf   : 0.000901482

Final set of parameters            Asymptotic Standard Error
=======================            ==========================

a               = 1.16593          +/- 0.09349      (8.018%)
b               = 0.0168004        +/- 0.002052     (12.21%)
c               = 0.884959         +/- 0.01557      (1.759%)


correlation matrix of the fit parameters:

               a      b      c      
a               1.000 
b              -0.963  1.000 
c               0.955 -0.999  1.000 


*******************************************************************************
Sun Dec 13 16:47:33 2015


FIT:    data read from "log.dat" u ($1):2
	x range restricted to [200.000 : 2000.00]
        #datapoints = 4
        residuals are weighted equally (unit weight)

function used for fitting: f(x)
fitted parameters initialized with current variable values



 Iteration 0
 WSSR        : 3.34899e+06       delta(WSSR)/WSSR   : 0
 delta(WSSR) : 0                 limit for stopping : 1e-05
 lambda	  : 3867.31

initial set of free parameter values

a               = 1
b               = 1
c               = 1

After 70 iterations the fit converged.
final sum of squares of residuals : 0.000901482
rel. change during last iteration : -7.97924e-07

degrees of freedom    (FIT_NDF)                        : 1
rms of residuals      (FIT_STDFIT) = sqrt(WSSR/ndf)    : 0.0300247
variance of residuals (reduced chisquare) = WSSR/ndf   : 0.000901482

Final set of parameters            Asymptotic Standard Error
=======================            ==========================

a               = 1.16593          +/- 0.09349      (8.018%)
b               = 0.0168004        +/- 0.002052     (12.21%)
c               = 0.884959         +/- 0.01557      (1.759%)


correlation matrix of the fit parameters:

               a      b      c      
a               1.000 
b              -0.963  1.000 
c               0.955 -0.999  1.000 


*******************************************************************************
Sun Dec 13 16:47:49 2015


FIT:    data read from "log.dat" u ($1):2
	x range restricted to [200.000 : 2000.00]
        #datapoints = 4
        residuals are weighted equally (unit weight)

function used for fitting: f(x)
fitted parameters initialized with current variable values



 Iteration 0
 WSSR        : 70.6874           delta(WSSR)/WSSR   : 0
 delta(WSSR) : 0                 limit for stopping : 1e-05
 lambda	  : 110.374

initial set of free parameter values

a               = 1.16593
b               = 0.0168004

After 6 iterations the fit converged.
final sum of squares of residuals : 0.0707209
rel. change during last iteration : -9.5026e-12

degrees of freedom    (FIT_NDF)                        : 2
rms of residuals      (FIT_STDFIT) = sqrt(WSSR/ndf)    : 0.188044
variance of residuals (reduced chisquare) = WSSR/ndf   : 0.0353604

Final set of parameters            Asymptotic Standard Error
=======================            ==========================

a               = 0.254139         +/- 0.1939       (76.29%)
b               = 0.048678         +/- 0.001242     (2.552%)


correlation matrix of the fit parameters:

               a      b      
a               1.000 
b              -0.875  1.000 


*******************************************************************************
Sun Dec 13 16:48:00 2015


FIT:    data read from "log.dat" u ($1):2
	x range restricted to [400.000 : 2000.00]
        #datapoints = 3
        residuals are weighted equally (unit weight)

function used for fitting: f(x)
fitted parameters initialized with current variable values



 Iteration 0
 WSSR        : 0.0515604         delta(WSSR)/WSSR   : 0
 delta(WSSR) : 0                 limit for stopping : 1e-05
 lambda	  : 125.586

initial set of free parameter values

a               = 0.254139
b               = 0.048678

After 6 iterations the fit converged.
final sum of squares of residuals : 0.027861
rel. change during last iteration : -8.3152e-11

degrees of freedom    (FIT_NDF)                        : 1
rms of residuals      (FIT_STDFIT) = sqrt(WSSR/ndf)    : 0.166916
variance of residuals (reduced chisquare) = WSSR/ndf   : 0.027861

Final set of parameters            Asymptotic Standard Error
=======================            ==========================

a               = 0.0230555        +/- 0.2536       (1100%)
b               = 0.0498038        +/- 0.001428     (2.867%)


correlation matrix of the fit parameters:

               a      b      
a               1.000 
b              -0.925  1.000 


*******************************************************************************
Sun Dec 13 16:58:23 2015


FIT:    data read from "log.dat" u ($1):2
	x range restricted to [400.000 : 2000.00]
        #datapoints = 3
        residuals are weighted equally (unit weight)

function used for fitting: f(x)
fitted parameters initialized with current variable values



 Iteration 0
 WSSR        : 0.027861          delta(WSSR)/WSSR   : 0
 delta(WSSR) : 0                 limit for stopping : 1e-05
 lambda	  : 125.586

initial set of free parameter values

a               = 0.0230555
b               = 0.0498038

After 1 iterations the fit converged.
final sum of squares of residuals : 0.027861
rel. change during last iteration : 0

degrees of freedom    (FIT_NDF)                        : 1
rms of residuals      (FIT_STDFIT) = sqrt(WSSR/ndf)    : 0.166916
variance of residuals (reduced chisquare) = WSSR/ndf   : 0.027861

Final set of parameters            Asymptotic Standard Error
=======================            ==========================

a               = 0.0230555        +/- 0.2536       (1100%)
b               = 0.0498038        +/- 0.001428     (2.867%)


correlation matrix of the fit parameters:

               a      b      
a               1.000 
b              -0.925  1.000 


*******************************************************************************
Sun Dec 13 16:58:44 2015


FIT:    data read from "log.dat" u ($1):2
	x range restricted to [600.000 : 2000.00]
        #datapoints = 2
        residuals are weighted equally (unit weight)

function used for fitting: f(x)
fitted parameters initialized with current variable values



 Iteration 0
 WSSR        : 0.0207104         delta(WSSR)/WSSR   : 0
 delta(WSSR) : 0                 limit for stopping : 1e-05
 lambda	  : 147.164

initial set of free parameter values

a               = 0.0230555
b               = 0.0498038

After 7 iterations the fit converged.
final sum of squares of residuals : 7.88861e-31
abs. change during last iteration : -4.15045e-19


Exactly as many data points as there are parameters.
In this degenerate case, all errors are zero by definition.

Final set of parameters 
======================= 

a               = -0.383309      
b               = 0.0516088      


*******************************************************************************
Sun Dec 13 18:49:12 2015


FIT:    data read from "log.dat" u 1:2
        #datapoints = 4
        residuals are weighted equally (unit weight)

function used for fitting: f(x)
fitted parameters initialized with current variable values



 Iteration 0
 WSSR        : 90.1092           delta(WSSR)/WSSR   : 0
 delta(WSSR) : 0                 limit for stopping : 1e-05
 lambda	  : 4.09056

initial set of free parameter values

a               = 1
b               = 1

After 5 iterations the fit converged.
final sum of squares of residuals : 4.63869e-06
rel. change during last iteration : -6.65795e-07

degrees of freedom    (FIT_NDF)                        : 2
rms of residuals      (FIT_STDFIT) = sqrt(WSSR/ndf)    : 0.00152294
variance of residuals (reduced chisquare) = WSSR/ndf   : 2.31934e-06

Final set of parameters            Asymptotic Standard Error
=======================            ==========================

a               = 0.496704         +/- 0.0009826    (0.1978%)
b               = -0.889187        +/- 0.005599     (0.6296%)


correlation matrix of the fit parameters:

               a      b      
a               1.000 
b              -0.991  1.000 
